c:\users\82103\source\repos\창의실무프로젝트\10-1\x64\debug\vc143.pdb
c:\users\82103\source\repos\창의실무프로젝트\10-1\x64\debug\vc143.idb
c:\users\82103\source\repos\창의실무프로젝트\10-1\x64\debug\screen.obj
c:\users\82103\source\repos\창의실무프로젝트\10-1\x64\debug\main.obj
c:\users\82103\source\repos\창의실무프로젝트\10-1\x64\debug\controller.obj
c:\users\82103\source\repos\창의실무프로젝트\10-1\x64\debug\consolecursor.obj
c:\users\82103\source\repos\창의실무프로젝트\10-1\x64\debug\blocks.obj
c:\users\82103\source\repos\창의실무프로젝트\10-1\x64\debug\addblockcolor.obj
c:\users\82103\source\repos\창의실무프로젝트\x64\debug\10-1.exe
c:\users\82103\source\repos\창의실무프로젝트\10-1\x64\debug\10-1.ilk
c:\users\82103\source\repos\창의실무프로젝트\x64\debug\10-1.pdb
c:\users\82103\source\repos\창의실무프로젝트\10-1\x64\debug\blocks.obj.enc
c:\users\82103\source\repos\창의실무프로젝트\10-1\x64\debug\screen.obj.enc
c:\users\82103\source\repos\창의실무프로젝트\10-1\x64\debug\addblockcolor.nativecodeanalysis.xml
c:\users\82103\source\repos\창의실무프로젝트\10-1\x64\debug\blocks.nativecodeanalysis.xml
c:\users\82103\source\repos\창의실무프로젝트\10-1\x64\debug\consolecursor.nativecodeanalysis.xml
c:\users\82103\source\repos\창의실무프로젝트\10-1\x64\debug\controller.nativecodeanalysis.xml
c:\users\82103\source\repos\창의실무프로젝트\10-1\x64\debug\main.nativecodeanalysis.xml
c:\users\82103\source\repos\창의실무프로젝트\10-1\x64\debug\screen.nativecodeanalysis.xml
c:\users\82103\source\repos\창의실무프로젝트\10-1\x64\debug\vc.nativecodeanalysis.all.xml
c:\users\82103\source\repos\창의실무프로젝트\10-1\x64\debug\10-1.tlog\cl.command.1.tlog
c:\users\82103\source\repos\창의실무프로젝트\10-1\x64\debug\10-1.tlog\cl.read.1.tlog
c:\users\82103\source\repos\창의실무프로젝트\10-1\x64\debug\10-1.tlog\cl.write.1.tlog
c:\users\82103\source\repos\창의실무프로젝트\10-1\x64\debug\10-1.tlog\link.command.1.tlog
c:\users\82103\source\repos\창의실무프로젝트\10-1\x64\debug\10-1.tlog\link.read.1.tlog
c:\users\82103\source\repos\창의실무프로젝트\10-1\x64\debug\10-1.tlog\link.write.1.tlog
